<?xml version="1.0" encoding="UTF-8"?>
<testng-results ignored="0" total="1" passed="1" failed="0" skipped="0">
  <reporter-output>
  </reporter-output>
  <suite started-at="2023-07-04T06:55:43 IST" name="All Test Suite" finished-at="2023-07-04T06:55:47 IST" duration-ms="4305">
    <groups>
    </groups>
    <test started-at="2023-07-04T06:55:43 IST" name="/Users/preethir/Downloads/rmg-selenium/Selenium" finished-at="2023-07-04T06:55:47 IST" duration-ms="4305">
      <class name="tests.AmazonTest">
        <test-method is-config="true" signature="setUp()[pri:0, instance:tests.AmazonTest@f2ff811]" started-at="2023-07-04T06:55:43 IST" name="setUp" finished-at="2023-07-04T06:55:46 IST" duration-ms="2625" status="PASS">
          <reporter-output>
          </reporter-output>
        </test-method> <!-- setUp -->
        <test-method signature="textBox1()[pri:0, instance:tests.AmazonTest@f2ff811]" started-at="2023-07-04T06:55:46 IST" name="textBox1" finished-at="2023-07-04T06:55:47 IST" duration-ms="1586" status="PASS">
          <reporter-output>
          </reporter-output>
        </test-method> <!-- textBox1 -->
        <test-method is-config="true" signature="tearDown()[pri:0, instance:tests.AmazonTest@f2ff811]" started-at="2023-07-04T06:55:47 IST" name="tearDown" finished-at="2023-07-04T06:55:47 IST" duration-ms="81" status="PASS">
          <reporter-output>
          </reporter-output>
        </test-method> <!-- tearDown -->
      </class> <!-- tests.AmazonTest -->
    </test> <!-- /Users/preethir/Downloads/rmg-selenium/Selenium -->
  </suite> <!-- All Test Suite -->
</testng-results>
